733
916
111
1020
-97
-71
177
169
-819
-115
118
-513
218
16
127
-114
1319
163
143
-181
158
-620
-2017
1917
-113
-1015
1620
106
112
-156
-1416
1816
1318
2018
1117
185
-511
617
120
-1810
119
-419
38
-182
-101
420
174
1412
-817
68
1512
-1115
-135
81
74
161
40
-911
83
-614
-1618
149
1211
9
-918
419
-33
-59
-86
518
137
84
417
-131
162
-714
-177
57
-11
1820
1713
139
1116
196
176
-189
-180
-515
144
55
-1716
-517
195
-412
183
10
1913
-204
-1918
-144
-163
-23
-1512
-618
-1114
1910
36
116
-162
-1920
49
-125
27
618
-2020
1818
1414
-1320
316
217
1311
-810
72
717
85
-128
35
-512
-32
-176
-79
-1018
913
-193
-914
4
410
711
-170
811
-208
-75
15
-320
-185
-207
99
414
79
165
1710
2013
-99
-2015
310
108
-166
-815
208
620
-1717
21
-116
-1217
-14
619
-214
-17
1418
-106
1013
-179
22
152
1610
-111
-1913
48
311
-119
-63
1712
-147
145
39
-1219
-54
121
-138
-18
-171
2
179
-217
-77
-1020
-814
46
172
-29
514
-37
-518
12
-1515
-1310
1611
-98
712
-139
418
-173
-150
-195
-319
713
1018
156
171
-1110
1419
30
181
-1617
1312
-315
54
-1719
31
1519
510
1113
1017
-1412
2015
-72
-1116
-1010
1518
110
1914
168
1813
813
-174
154
14
70
89
919
1810
-124
-42
1511
1912
199
-1712
817
-28
126
43
7
1110
24
-44
1716
910
164
315
191
-1420
-1218
1416
97
-132
320
-220
411
513
-1113
213
73
-159
-143
202
19
-414
198
610
413
-1417
-178
-202
-411
-1413
-816
77
129
51
-1813
160
124
-2011
133
138
-58
-613
-117
-30
818
1619
1411
-716
-2014
25
102
-2016
44
-1313
-57
-80
614
-52
-313
416
-50
1115
-1919
-141
1310
-121
-183
211
-186
-1610
-122
716
52
-62
-1917
415
1315
-417
319
175
-12
-56
-151
-615
-26
-812
-1711
1920
192
-175
1811
62
2011
216
-316
13
-104
-146
206
-127
61
318
182
1213
105
87
-68
517
-1911
-519
1612
17
-219
220
1919
1615
-1714
71
187
-1215
-190
-1014
167
-123
-1214
113
-1720
-1017
-1216
1
1911
69
1212
613
215
-194
718
1214
148
-142
-1518
41
1613
-917
147
3
26
-818
-1312
155
-22
203
1011
-1418
1516
-165
-510
6
-1314
715
616
1719
-137
-612
1010
815
2014
1120
520
186
125
-112
75
-919
-1311
-811
-53
-720
-48
-1620
-211
-83
-1118
1111
-1415
107
2017
1413
193
-416
-915
-617
-1510
1514
-1516
-912
-1211
-172
-168
-1619
1420
134
96
-413
197
-520
190
1215
1618
-105
2019
-107
-1319
63
-713
1513
-184
-218
1614
611
820
-87
153
-1815
816
-1016
1219
1715
93
-91
-35
-21
-1912
918
-1820
-120
11
-910
1819
920
-43
123
912
142
-27
1417
-318
67
-36
-1713
141
914
917
8
-213
-1513
91
2020
1012
65
104
-317
-1316
117
115
-216
-1220
131
312
-1511
-415
-197
-110
-516
-205
32
59
-24
-88
-619
-718
314
-1117
128
-167
-1212
915
18
201
-2010
82
-118
412
1316
-1916
-1517
151
-1914
37
58
-187
1118
94
207
109
-1814
-1910
136
1814
1016
92
-1616
-13
20
86
-1718
-51
-161
-49
2016
-152
159
-145
1114
88
-61
-157
219
1718
5
64
2010
-95
-158
714
-129
-76
819
53
-160
101
98
1019
-94
42
114
1415
-616
184
200
189
66
-89
-153
-109
166
512
132
-1615
157
-311
-10
-103
78
-64
210
-1120
-514
103
1510
-206
-312
-67
-719
-1419
-1819
-34
150
-93
-715
-2013
-1119
47
-314
140
511
-96
-711
-45
-140
1015
-1111
-84
34
-47
45
170
-1519
-60
188
-610
-1816
615
-712
-192
-1318
-38
-66
515
-155
-82
-69
-710
60
-813
1616
-191
-420
-92
-1817
135
1220
719
178
911
1320
-1818
-1315
-154
212
516
28
-1614
710
-1715
1210
1517
146
-1210
814
-41
-100
-31
1317
1314
-1414
1520
180
-148
-1520
-164
1410
-130
-149
519
-310
-1011
1218
-1213
-611
-913
-1514
-102
-81
-410
1217
-136
-2019
-215
