827
-2020
-2019
-2018
-2017
-2016
-2015
-2014
-2013
-2012
-2011
-2010
-209
-208
-207
-206
-205
-204
-203
-202
-201
-200
-1920
-1919
-1918
-1917
-1916
-1915
-1914
-1913
-1912
-1911
-1910
-199
-198
-197
-196
-195
-194
-193
-192
-191
-190
-1820
-1819
-1818
-1817
-1816
-1815
-1814
-1813
-1812
-1811
-1810
-189
-188
-187
-186
-185
-184
-183
-182
-181
-180
-1720
-1719
-1718
-1717
-1716
-1715
-1714
-1713
-1712
-1711
-1710
-179
-178
-177
-176
-175
-174
-173
-172
-171
-170
-1620
-1619
-1618
-1617
-1616
-1615
-1614
-1613
-1612
-1611
-1610
-169
-168
-167
-166
-165
-164
-163
-162
-161
-160
-1520
-1519
-1518
-1517
-1516
-1515
-1514
-1513
-1512
-1511
-1510
-159
-158
-157
-156
-155
-154
-153
-152
-151
-150
-1420
-1419
-1418
-1417
-1416
-1415
-1414
-1413
-1412
-1411
-1410
-149
-148
-147
-146
-145
-144
-143
-142
-141
-140
-1320
-1319
-1318
-1317
-1316
-1315
-1314
-1313
-1312
-1311
-1310
-139
-138
-137
-136
-135
-134
-133
-132
-131
-130
-1220
-1219
-1218
-1217
-1216
-1215
-1214
-1213
-1212
-1211
-1210
-129
-128
-127
-126
-125
-124
-123
-122
-121
-120
-1120
-1119
-1118
-1117
-1116
-1115
-1114
-1113
-1112
-1111
-1110
-119
-118
-117
-116
-115
-114
-113
-112
-111
-110
-1020
-1019
-1018
-1017
-1016
-1015
-1014
-1013
-1012
-1011
-1010
-109
-108
-107
-106
-105
-104
-103
-102
-101
-100
-920
-919
-918
-917
-916
-915
-914
-913
-912
-911
-910
-99
-98
-97
-96
-95
-94
-93
-92
-91
-90
-820
-819
-818
-817
-816
-815
-814
-813
-812
-811
-810
-89
-88
-87
-86
-85
-84
-83
-82
-81
-80
-720
-719
-718
-717
-716
-715
-714
-713
-712
-711
-710
-79
-78
-77
-76
-75
-74
-73
-72
-71
-70
-620
-619
-618
-617
-616
-615
-614
-613
-612
-611
-610
-69
-68
-67
-66
-65
-64
-63
-62
-61
-60
-520
-519
-518
-517
-516
-515
-514
-513
-512
-511
-510
-59
-58
-57
-56
-55
-54
-53
-52
-51
-50
-420
-419
-418
-417
-416
-415
-414
-413
-412
-411
-410
-49
-48
-47
-46
-45
-44
-43
-42
-41
-40
-320
-319
-318
-317
-316
-315
-314
-313
-312
-311
-310
-39
-38
-37
-36
-35
-34
-33
-32
-31
-30
-220
-219
-218
-217
-216
-215
-214
-213
-212
-211
-210
-29
-28
-27
-26
-25
-24
-23
-22
-21
-20
-19
-18
-17
-16
-15
-14
-13
-12
-11
-10
20
19
18
17
16
15
14
13
12
11
10
9
8
7
6
5
4
3
2
1
120
119
118
117
116
115
114
113
112
111
110
220
219
218
217
216
215
214
213
212
211
210
29
28
27
26
25
24
23
22
21
320
319
318
317
316
315
314
313
312
311
310
39
38
37
36
35
34
33
32
31
30
420
419
418
417
416
415
414
413
412
411
410
49
48
47
46
45
44
43
42
41
40
520
519
518
517
516
515
514
513
512
511
510
59
58
57
56
55
54
53
52
51
50
620
619
618
617
616
615
614
613
612
611
610
69
68
67
66
65
64
63
62
61
60
720
719
718
717
716
715
714
713
712
711
710
79
78
77
76
75
74
73
72
71
70
820
819
818
817
816
815
814
813
812
811
810
89
88
87
86
85
84
83
82
81
80
920
919
918
917
916
915
914
913
912
911
910
99
98
97
96
95
94
93
92
91
90
1020
1019
1018
1017
1016
1015
1014
1013
1012
1011
1010
109
108
107
106
105
104
103
102
101
100
1120
1119
1118
1117
1116
1115
1114
1113
1112
1111
1110
1220
1219
1218
1217
1216
1215
1214
1213
1212
1211
1210
129
128
127
126
125
124
123
122
121
1320
1319
1318
1317
1316
1315
1314
1313
1312
1311
1310
139
138
137
136
135
134
133
132
131
130
1420
1419
1418
1417
1416
1415
1414
1413
1412
1411
1410
149
148
147
146
145
144
143
142
141
140
1520
1519
1518
1517
1516
1515
1514
1513
1512
1511
1510
159
158
157
156
155
154
153
152
151
150
1620
1619
1618
1617
1616
1615
1614
1613
1612
1611
1610
169
168
167
166
165
164
163
162
161
160
1720
1719
1718
1717
1716
1715
1714
1713
1712
1711
1710
179
178
177
176
175
174
173
172
171
170
1820
1819
1818
1817
1816
1815
1814
1813
1812
1811
1810
189
188
187
186
185
184
183
182
181
180
1920
1919
1918
1917
1916
1915
1914
1913
1912
1911
1910
199
198
197
196
195
194
193
192
191
190
2020
2019
2018
2017
2016
2015
2014
2013
2012
2011
2010
209
208
207
206
205
204
203
202
201
200
